<!--
  #%L
  Mule CoAP Connector
  %%
  Copyright (C) 2019 - 2021 (teslanet.nl) Rogier Cobben
  
  Contributors:
      (teslanet.nl) Rogier Cobben - initial creation
  %%
  This program and the accompanying materials are made available under the
  terms of the Eclipse Public License 2.0 which is available at
  http://www.eclipse.org/legal/epl-2.0.
  
  This Source Code may also be made available under the following Secondary
  Licenses when the conditions for such availability set forth in the Eclipse
  Public License, v. 2.0 are satisfied: GNU General Public License, version 2
  with the GNU Classpath Exception which is
  available at https://www.gnu.org/software/classpath/license.html.
  
  SPDX-License-Identifier: EPL-2.0 OR GPL-2.0 WITH Classpath-exception-2.0
  #L%
  -->
<mule xmlns="http://www.mulesoft.org/schema/mule/core"
      xmlns:xsi="http://www.w3.org/2001/XMLSchema-instance"
      xmlns:coap="http://www.teslanet.nl/schema/mule/coap"
      xsi:schemaLocation="http://www.mulesoft.org/schema/mule/core http://www.mulesoft.org/schema/mule/core/current/mule.xsd
          http://www.teslanet.nl/schema/mule/coap http://www.teslanet.nl/schema/mule/coap/current/mule-coap.xsd">

    <coap:config name="config" configId="configId">
        <coap:connection requiredParameter="aValue" />
    </coap:config>

    <flow name="sayHiFlow">
        <coap:say-hi person="Mariano Gonzalez"/>
    </flow>

    <flow name="retrieveInfoFlow">
        <coap:retrieve-info config-ref="config"/>
    </flow>

</mule>
